Build started 09/07/2014 02:14:09.
     1>Project "C:\devkitPro\Projects\Duncaball\Duncaball\Duncaball.vcxproj" on node 2 (build target(s)).
     1>PrepareForBuild:
         Creating directory "C:\devkitPro\Projects\Duncaball\Release\".
       InitializeBuildStatus:
         Creating "Release\Duncaball.unsuccessfulbuild" because "AlwaysCreate" was specified.
       ClCompile:
         c:\Program Files (x86)\Microsoft Visual Studio 10.0\VC\bin\CL.exe /c /I"C:\Program Files\SFML-2.1\include" /Zi /nologo /W3 /WX- /O2 /Oi /Oy- /GL /D WIN32 /D NDEBUG /D _WINDOWS /D _UNICODE /D UNICODE /Gm- /EHsc /MD /GS /Gy /fp:precise /Zc:wchar_t /Zc:forScope /Fo"Release\\" /Fd"Release\vc100.pdb" /Gd /TP /analyze- /errorReport:prompt main.cpp
         main.cpp
       Link:
         c:\Program Files (x86)\Microsoft Visual Studio 10.0\VC\bin\link.exe /ERRORREPORT:PROMPT /OUT:"C:\devkitPro\Projects\Duncaball\Release\Duncaball.exe" /INCREMENTAL:NO /NOLOGO /LIBPATH:"C:\Program Files\SFML-2.1\lib" "sfml-main.lib" "sfml-system.lib" "sfml-window.lib" "sfml-network.lib" "sfml-graphics.lib" "sfml-audio.lib" kernel32.lib user32.lib gdi32.lib winspool.lib comdlg32.lib advapi32.lib shell32.lib ole32.lib oleaut32.lib uuid.lib odbc32.lib odbccp32.lib kernel32.lib user32.lib gdi32.lib winspool.lib comdlg32.lib advapi32.lib shell32.lib ole32.lib oleaut32.lib uuid.lib odbc32.lib odbccp32.lib /MANIFEST /ManifestFile:"Release\Duncaball.exe.intermediate.manifest" /MANIFESTUAC:"level='asInvoker' uiAccess='false'" /DEBUG /PDB:"C:\devkitPro\Projects\Duncaball\Release\Duncaball.pdb" /SUBSYSTEM:WINDOWS /OPT:REF /OPT:ICF /LTCG /TLBID:1 /DYNAMICBASE /NXCOMPAT /IMPLIB:"C:\devkitPro\Projects\Duncaball\Release\Duncaball.lib" /MACHINE:X86 Release\main.obj
         Generating code
         Finished generating code
         Duncaball.vcxproj -> C:\devkitPro\Projects\Duncaball\Release\Duncaball.exe
       Manifest:
         C:\Program Files (x86)\Microsoft SDKs\Windows\v7.0A\bin\mt.exe /nologo /verbose /outputresource:"C:\devkitPro\Projects\Duncaball\Release\Duncaball.exe;#1" /manifest Release\Duncaball.exe.intermediate.manifest
       FinalizeBuildStatus:
         Deleting file "Release\Duncaball.unsuccessfulbuild".
         Touching "Release\Duncaball.lastbuildstate".
     1>Done Building Project "C:\devkitPro\Projects\Duncaball\Duncaball\Duncaball.vcxproj" (build target(s)).

Build succeeded.

Time Elapsed 00:00:01.04
